============================= Start ============================================
2017-10-25 11:51:14.897 - (I). Процесс:Соединение с БД. Сообщение:БД ПФР
2017-10-25 11:51:16.924 - (I). Процесс:Соединение прошло успешно. Сообщение:БД 'ИнформЦентр'
2017-10-25 11:51:17.041 - (I). Процесс:Последняя дата в БД ИнфоЦентр. Сообщение:2017-01-07 17:50:39.000
2017-10-25 11:51:17.173 - (I). Процесс:Выборка данных из БД ПФР. Сообщение:За 2017-01-07 17:50:39.000 + 1день ничего не нашлось
2017-10-25 11:51:17.182 - (I). Процесс:Закрыто соединение. Сообщение:БД 'ИнформЦентр'
2017-10-25 11:51:17.183 - (I). Процесс:Соединение закрыто. Сообщение:БД ПФР
============================= Start ============================================
2017-10-25 11:51:24.380 - (I). Процесс:Соединение с БД. Сообщение:БД ПФР
2017-10-25 11:51:26.862 - (I). Процесс:Соединение прошло успешно. Сообщение:БД 'ИнформЦентр'
2017-10-25 11:51:26.966 - (I). Процесс:Последняя дата в БД ИнфоЦентр. Сообщение:2017-01-08 17:50:39.000
2017-10-25 11:51:27.177 - (I). Процесс:Новые процессы. Сообщение:Добавлено:24
2017-10-25 11:51:27.185 - (I). Процесс:Закрыто соединение. Сообщение:БД 'ИнформЦентр'
2017-10-25 11:51:27.187 - (I). Процесс:Соединение закрыто. Сообщение:БД ПФР
============================= Start ============================================
2017-10-25 11:52:24.380 - (I). Процесс:Соединение с БД. Сообщение:БД ПФР
2017-10-25 11:52:26.185 - (I). Процесс:Соединение прошло успешно. Сообщение:БД 'ИнформЦентр'
2017-10-25 11:52:26.291 - (I). Процесс:Последняя дата в БД ИнфоЦентр. Сообщение:2017-01-09 17:29:09.000
2017-10-25 11:52:26.430 - (I). Процесс:Новые процессы. Сообщение:Добавлено:52
2017-10-25 11:52:26.437 - (I). Процесс:Закрыто соединение. Сообщение:БД 'ИнформЦентр'
2017-10-25 11:52:26.438 - (I). Процесс:Соединение закрыто. Сообщение:БД ПФР
============================= Start ============================================
2017-10-25 11:53:24.379 - (I). Процесс:Соединение с БД. Сообщение:БД ПФР
2017-10-25 11:53:26.183 - (I). Процесс:Соединение прошло успешно. Сообщение:БД 'ИнформЦентр'
2017-10-25 11:53:26.299 - (I). Процесс:Последняя дата в БД ИнфоЦентр. Сообщение:2017-01-10 18:07:09.000
2017-10-25 11:53:26.441 - (I). Процесс:Новые процессы. Сообщение:Добавлено:60
2017-10-25 11:53:26.449 - (I). Процесс:Закрыто соединение. Сообщение:БД 'ИнформЦентр'
2017-10-25 11:53:26.452 - (I). Процесс:Соединение закрыто. Сообщение:БД ПФР
============================= Start ============================================
2017-10-25 11:54:24.414 - (I). Процесс:Соединение с БД. Сообщение:БД ПФР
2017-10-25 11:54:26.332 - (I). Процесс:Соединение прошло успешно. Сообщение:БД 'ИнформЦентр'
2017-10-25 11:54:26.435 - (I). Процесс:Последняя дата в БД ИнфоЦентр. Сообщение:2017-01-11 19:58:24.000
2017-10-25 11:54:26.581 - (I). Процесс:Новые процессы. Сообщение:Добавлено:67
2017-10-25 11:54:26.596 - (I). Процесс:Закрыто соединение. Сообщение:БД 'ИнформЦентр'
2017-10-25 11:54:26.598 - (I). Процесс:Соединение закрыто. Сообщение:БД ПФР
============================= Start ============================================
2017-10-25 11:55:24.376 - (I). Процесс:Соединение с БД. Сообщение:БД ПФР
2017-10-25 11:55:26.494 - (I). Процесс:Соединение прошло успешно. Сообщение:БД 'ИнформЦентр'
2017-10-25 11:55:26.608 - (I). Процесс:Последняя дата в БД ИнфоЦентр. Сообщение:2017-01-12 20:05:40.000
2017-10-25 11:55:26.756 - (I). Процесс:Новые процессы. Сообщение:Добавлено:53
2017-10-25 11:55:26.763 - (I). Процесс:Закрыто соединение. Сообщение:БД 'ИнформЦентр'
2017-10-25 11:55:26.765 - (I). Процесс:Соединение закрыто. Сообщение:БД ПФР
============================= Start ============================================
2017-10-25 11:56:24.379 - (I). Процесс:Соединение с БД. Сообщение:БД ПФР
2017-10-25 11:56:26.273 - (I). Процесс:Соединение прошло успешно. Сообщение:БД 'ИнформЦентр'
2017-10-25 11:56:26.374 - (I). Процесс:Последняя дата в БД ИнфоЦентр. Сообщение:2017-01-13 17:50:39.000
2017-10-25 11:56:26.528 - (I). Процесс:Новые процессы. Сообщение:Добавлено:19
2017-10-25 11:56:26.535 - (I). Процесс:Закрыто соединение. Сообщение:БД 'ИнформЦентр'
2017-10-25 11:56:26.537 - (I). Процесс:Соединение закрыто. Сообщение:БД ПФР
============================= Start ============================================
2017-10-25 11:57:24.378 - (I). Процесс:Соединение с БД. Сообщение:БД ПФР
2017-10-25 11:57:26.687 - (I). Процесс:Соединение прошло успешно. Сообщение:БД 'ИнформЦентр'
2017-10-25 11:57:26.788 - (I). Процесс:Последняя дата в БД ИнфоЦентр. Сообщение:2017-01-13 17:50:39.000
2017-10-25 11:57:26.992 - (I). Процесс:Новые процессы. Сообщение:Добавлено:19
2017-10-25 11:57:26.999 - (I). Процесс:Закрыто соединение. Сообщение:БД 'ИнформЦентр'
2017-10-25 11:57:27.003 - (I). Процесс:Соединение закрыто. Сообщение:БД ПФР
============================= Start ============================================
2017-10-25 11:58:24.379 - (I). Процесс:Соединение с БД. Сообщение:БД ПФР
2017-10-25 11:58:26.302 - (I). Процесс:Соединение прошло успешно. Сообщение:БД 'ИнформЦентр'
2017-10-25 11:58:26.409 - (I). Процесс:Последняя дата в БД ИнфоЦентр. Сообщение:2017-01-13 17:50:39.000
2017-10-25 11:58:26.544 - (I). Процесс:Новые процессы. Сообщение:Добавлено:19
2017-10-25 11:58:26.551 - (I). Процесс:Закрыто соединение. Сообщение:БД 'ИнформЦентр'
2017-10-25 11:58:26.553 - (I). Процесс:Соединение закрыто. Сообщение:БД ПФР
